{
  message: 'An error occured  Error: men',
  level: 'error',
  timestamp: '2024-04-29T15:35:17.350Z'
}
{
  message: 'An error occured  uncaughtException',
  level: 'error',
  timestamp: '2024-04-29T15:36:11.898Z'
}
{
  message: 'men Error: men\n' +
    '    at fnc (C:\\Users\\Teejaey\\Desktop\\Projects\\ecommerce\\dist\\index.js:36:11)\n' +
    '    at Object.<anonymous> (C:\\Users\\Teejaey\\Desktop\\Projects\\ecommerce\\dist\\index.js:38:1)\n' +
    '    at Module._compile (node:internal/modules/cjs/loader:1369:14)\n' +
    '    at Module._extensions..js (node:internal/modules/cjs/loader:1427:10)\n' +
    '    at Module.load (node:internal/modules/cjs/loader:1206:32)\n' +
    '    at Module._load (node:internal/modules/cjs/loader:1022:12)\n' +
    '    at Function.executeUserEntryPoint [as runMain] (node:internal/modules/run_main:135:12)\n' +
    '    at node:internal/main/run_main_module:28:49',
  level: 'error',
  timestamp: '2024-04-29T15:37:07.844Z'
}
{
  message: 'men Error: men\n' +
    '    at fnc (C:\\Users\\Teejaey\\Desktop\\Projects\\ecommerce\\dist\\index.js:36:11)\n' +
    '    at Object.<anonymous> (C:\\Users\\Teejaey\\Desktop\\Projects\\ecommerce\\dist\\index.js:38:1)\n' +
    '    at Module._compile (node:internal/modules/cjs/loader:1369:14)\n' +
    '    at Module._extensions..js (node:internal/modules/cjs/loader:1427:10)\n' +
    '    at Module.load (node:internal/modules/cjs/loader:1206:32)\n' +
    '    at Module._load (node:internal/modules/cjs/loader:1022:12)\n' +
    '    at Function.executeUserEntryPoint [as runMain] (node:internal/modules/run_main:135:12)\n' +
    '    at node:internal/main/run_main_module:28:49',
  name: 'Error',
  level: 'error',
  timestamp: '2024-04-29T15:38:59.885Z'
}
{
  name: 'Error',
  stack: 'Error: men\n' +
    '    at fnc (C:\\Users\\Teejaey\\Desktop\\Projects\\ecommerce\\dist\\index.js:36:11)\n' +
    '    at Object.<anonymous> (C:\\Users\\Teejaey\\Desktop\\Projects\\ecommerce\\dist\\index.js:38:1)\n' +
    '    at Module._compile (node:internal/modules/cjs/loader:1369:14)\n' +
    '    at Module._extensions..js (node:internal/modules/cjs/loader:1427:10)\n' +
    '    at Module.load (node:internal/modules/cjs/loader:1206:32)\n' +
    '    at Module._load (node:internal/modules/cjs/loader:1022:12)\n' +
    '    at Function.executeUserEntryPoint [as runMain] (node:internal/modules/run_main:135:12)\n' +
    '    at node:internal/main/run_main_module:28:49',
  level: 'error',
  message: 'men',
  timestamp: '2024-04-29T15:40:26.870Z'
}
{
  message: 'Live on http://localhost:3000',
  level: 'info',
  timestamp: '2024-04-29T15:41:07.997Z'
}
{
  message: 'Live on http://localhost:3000',
  level: 'info',
  timestamp: '2024-04-29T15:41:43.725Z'
}
{
  message: 'Live on http://localhost:3000',
  level: 'info',
  timestamp: '2024-04-29T15:42:43.231Z'
}
{
  message: 'Live on http://localhost:3000',
  level: 'info',
  timestamp: '2024-04-29T15:43:23.234Z'
}
{
  message: 'Live on http://localhost:3000',
  level: 'info',
  timestamp: '2024-04-29T15:43:49.647Z'
}
{
  message: 'Live on http://localhost:3000',
  level: 'info',
  timestamp: '2024-04-29T15:44:11.656Z'
}
{
  message: 'Live on http://localhost:3000',
  level: 'info',
  timestamp: '2024-04-29T15:46:17.797Z'
}
{
  message: 'Live on http://localhost:3000',
  level: 'info',
  timestamp: '2024-04-29T15:47:10.304Z'
}
{
  message: 'Live on http://localhost:3000',
  level: 'info',
  timestamp: '2024-04-29T15:47:36.086Z'
}
{
  message: 'Live on http://localhost:3000',
  level: 'info',
  timestamp: '2024-04-29T15:48:36.821Z'
}
{
  message: 'Failed to connect to database',
  level: 'error',
  timestamp: '2024-04-29T15:48:36.894Z'
}
{
  message: 'Live on http://localhost:3000',
  level: 'info',
  timestamp: '2024-04-29T15:50:41.891Z'
}
{
  message: 'Failed to connect to database',
  level: 'error',
  timestamp: '2024-04-29T15:50:41.959Z'
}
{
  message: 'Live on http://localhost:3000',
  level: 'info',
  timestamp: '2024-04-29T15:52:22.285Z'
}
{
  message: 'Failed to connect to database',
  name: 'AggregateError',
  level: 'error',
  timestamp: '2024-04-29T15:52:22.357Z'
}
{
  message: 'Live on http://localhost:3000',
  level: 'info',
  timestamp: '2024-04-29T15:53:35.576Z'
}
{
  message: 'Live on http://localhost:3000',
  level: 'info',
  timestamp: '2024-04-29T15:53:56.117Z'
}
{
  sql: '',
  name: 'AggregateError',
  level: 'error',
  message: 'Failed to connect to database',
  timestamp: '2024-04-29T15:53:56.192Z'
}
{
  message: 'Live on http://localhost:3000',
  level: 'info',
  timestamp: '2024-04-29T15:54:12.613Z'
}
{
  sql: '',
  level: 'error',
  message: 'Failed to connect to database',
  timestamp: '2024-04-29T15:54:12.683Z'
}
{
  message: 'Live on http://localhost:3000',
  level: 'info',
  timestamp: '2024-04-29T15:54:33.721Z'
}
