{
  name: 'Error',
  stack: 'Error: men\n' +
    '    at fnc (C:\\Users\\Teejaey\\Desktop\\Projects\\ecommerce\\dist\\index.js:36:11)\n' +
    '    at Object.<anonymous> (C:\\Users\\Teejaey\\Desktop\\Projects\\ecommerce\\dist\\index.js:38:1)\n' +
    '    at Module._compile (node:internal/modules/cjs/loader:1369:14)\n' +
    '    at Module._extensions..js (node:internal/modules/cjs/loader:1427:10)\n' +
    '    at Module.load (node:internal/modules/cjs/loader:1206:32)\n' +
    '    at Module._load (node:internal/modules/cjs/loader:1022:12)\n' +
    '    at Function.executeUserEntryPoint [as runMain] (node:internal/modules/run_main:135:12)\n' +
    '    at node:internal/main/run_main_module:28:49',
  level: 'error',
  message: 'men',
  timestamp: '2024-04-29T15:40:26.855Z'
}
{
  message: 'Failed to connect to database',
  level: 'error',
  timestamp: '2024-04-29T15:48:36.893Z'
}
{
  message: 'Failed to connect to database',
  level: 'error',
  timestamp: '2024-04-29T15:50:41.958Z'
}
{
  message: 'Failed to connect to database',
  name: 'AggregateError',
  level: 'error',
  timestamp: '2024-04-29T15:52:22.357Z'
}
{
  sql: undefined,
  name: 'AggregateError',
  level: 'error',
  message: 'Failed to connect to database',
  timestamp: '2024-04-29T15:53:35.645Z'
}
{
  sql: '',
  name: 'AggregateError',
  level: 'error',
  message: 'Failed to connect to database',
  timestamp: '2024-04-29T15:53:56.191Z'
}
{
  sql: '',
  level: 'error',
  message: 'Failed to connect to database',
  timestamp: '2024-04-29T15:54:12.682Z'
}
{
  message: 'Failed to connect to database',
  level: 'error',
  timestamp: '2024-04-29T15:54:33.796Z'
}
